[   375.423] 
X.Org X Server 1.19.2
Release Date: 2017-03-02
[   375.423] X Protocol Version 11, Revision 0
[   375.423] Build Operating System: Linux 4.9.0-8-amd64 x86_64 Debian
[   375.423] Current Operating System: Linux oraclesaumikgma 4.15.0-1066-azure #71-Ubuntu SMP Thu Dec 12 20:35:32 UTC 2019 x86_64
[   375.423] Kernel command line: BOOT_IMAGE=/boot/vmlinuz-4.15.0-1066-azure root=UUID=408a4949-3bac-4860-bf5d-9cfa3c59582d ro console=tty1 console=ttyS0 earlyprintk=ttyS0 rootdelay=300
[   375.424] Build Date: 03 November 2018  03:09:11AM
[   375.424] xorg-server 2:1.19.2-1+deb9u5 (https://www.debian.org/support) 
[   375.424] Current version of pixman: 0.33.6
[   375.424] 	Before reporting problems, check http://wiki.x.org
	to make sure that you have the latest version.
[   375.424] Markers: (--) probed, (**) from config file, (==) default setting,
	(++) from command line, (!!) notice, (II) informational,
	(WW) warning, (EE) error, (NI) not implemented, (??) unknown.
[   375.424] (==) Log file: "/home/oraclesaumikgma/.local/share/xorg/Xorg.10.log", Time: Sat Apr 18 18:29:06 2020
[   375.442] (++) Using config file: "/etc/X11/xrdp/xorg.conf"
[   375.442] (==) Using system config directory "/usr/share/X11/xorg.conf.d"
[   375.538] (==) ServerLayout "X11 Server"
[   375.538] (**) |-->Screen "Screen (xrdpdev)" (0)
[   375.538] (**) |   |-->Monitor "Monitor"
[   375.548] (**) |   |-->Device "Video Card (xrdpdev)"
[   375.548] (**) |-->Input Device "xrdpMouse"
[   375.548] (**) |-->Input Device "xrdpKeyboard"
[   375.548] (**) Option "DontVTSwitch" "on"
[   375.548] (**) Option "AutoAddDevices" "off"
[   375.548] (**) Not automatically adding devices
[   375.548] (==) Automatically enabling devices
[   375.548] (==) Automatically adding GPU devices
[   375.548] (==) Max clients allowed: 256, resource mask: 0x1fffff
[   375.567] (WW) The directory "/usr/share/fonts/X11/cyrillic" does not exist.
[   375.567] 	Entry deleted from font path.
[   375.567] (WW) The directory "/usr/share/fonts/X11/100dpi/" does not exist.
[   375.567] 	Entry deleted from font path.
[   375.567] (WW) The directory "/usr/share/fonts/X11/75dpi/" does not exist.
[   375.567] 	Entry deleted from font path.
[   375.580] (WW) The directory "/usr/share/fonts/X11/100dpi" does not exist.
[   375.580] 	Entry deleted from font path.
[   375.580] (WW) The directory "/usr/share/fonts/X11/75dpi" does not exist.
[   375.580] 	Entry deleted from font path.
[   375.580] (==) FontPath set to:
	/usr/share/fonts/X11/misc,
	/usr/share/fonts/X11/Type1,
	built-ins
[   375.580] (==) ModulePath set to "/usr/lib/xorg/modules"
[   375.580] (II) Loader magic: 0x55cf53c4ae00
[   375.580] (II) Module ABI versions:
[   375.580] 	X.Org ANSI C Emulation: 0.4
[   375.580] 	X.Org Video Driver: 23.0
[   375.580] 	X.Org XInput driver : 24.1
[   375.580] 	X.Org Server Extension : 10.0
[   375.582] (II) systemd-logind: took control of session /org/freedesktop/login1/session/c1
[   375.608] (--) PCI:*(0:0:8:0) 1414:5353:0000:0000 rev 0, Mem @ 0xf8000000/67108864, BIOS @ 0x????????/131072
[   375.608] (II) "glx" will be loaded. This was enabled by default and also specified in the config file.
[   375.608] (II) LoadModule: "dbe"
[   375.608] (II) Module "dbe" already built-in
[   375.608] (II) LoadModule: "ddc"
[   375.608] (II) Module "ddc" already built-in
[   375.608] (II) LoadModule: "extmod"
[   375.608] (II) Module "extmod" already built-in
[   375.608] (II) LoadModule: "glx"
[   375.626] (II) Loading /usr/lib/xorg/modules/extensions/libglx.so
[   375.825] (II) Module glx: vendor="X.Org Foundation"
[   375.825] 	compiled for 1.19.2, module version = 1.0.0
[   375.825] 	ABI class: X.Org Server Extension, version 10.0
[   375.825] (II) LoadModule: "int10"
[   375.826] (II) Loading /usr/lib/xorg/modules/libint10.so
[   375.845] (II) Module int10: vendor="X.Org Foundation"
[   375.845] 	compiled for 1.19.2, module version = 1.0.0
[   375.845] 	ABI class: X.Org Video Driver, version 23.0
[   375.845] (II) LoadModule: "record"
[   375.845] (II) Module "record" already built-in
[   375.845] (II) LoadModule: "vbe"
[   375.845] (II) Loading /usr/lib/xorg/modules/libvbe.so
[   375.854] (II) Module vbe: vendor="X.Org Foundation"
[   375.855] 	compiled for 1.19.2, module version = 1.1.0
[   375.855] 	ABI class: X.Org Video Driver, version 23.0
[   375.855] (II) LoadModule: "xorgxrdp"
[   375.855] (II) Loading /usr/lib/xorg/modules/libxorgxrdp.so
[   375.873] (II) Module XORGXRDP: vendor="X.Org Foundation"
[   375.873] 	compiled for 1.19.2, module version = 1.0.0
[   375.873] 	ABI class: X.Org Video Driver, version 23.0
[   375.873] xorgxrdpSetup:
[   375.873] (II) LoadModule: "fb"
[   375.873] (II) Loading /usr/lib/xorg/modules/libfb.so
[   375.891] (II) Module fb: vendor="X.Org Foundation"
[   375.891] 	compiled for 1.19.2, module version = 1.0.0
[   375.891] 	ABI class: X.Org ANSI C Emulation, version 0.4
[   375.891] (II) LoadModule: "xrdpdev"
[   375.891] (II) Loading /usr/lib/xorg/modules/drivers/xrdpdev_drv.so
[   375.901] (II) Module XRDPDEV: vendor="X.Org Foundation"
[   375.901] 	compiled for 1.19.2, module version = 1.0.0
[   375.901] 	ABI class: X.Org Video Driver, version 23.0
[   375.901] xrdpdevSetup:
[   375.901] (II) LoadModule: "xrdpmouse"
[   375.901] (II) Loading /usr/lib/xorg/modules/input/xrdpmouse_drv.so
[   375.910] (II) Module XRDPMOUSE: vendor="X.Org Foundation"
[   375.910] 	compiled for 1.19.2, module version = 1.0.0
[   375.910] 	Module class: X.Org XInput Driver
[   375.910] 	ABI class: X.Org XInput driver, version 24.1
[   375.910] rdpmousePlug:
[   375.910] (II) LoadModule: "xrdpkeyb"
[   375.910] (II) Loading /usr/lib/xorg/modules/input/xrdpkeyb_drv.so
[   375.911] (II) Module XRDPKEYB: vendor="X.Org Foundation"
[   375.911] 	compiled for 1.19.2, module version = 1.0.0
[   375.911] 	Module class: X.Org XInput Driver
[   375.911] 	ABI class: X.Org XInput driver, version 24.1
[   375.911] rdpkeybPlug:
[   375.911] rdpIdentify:
[   375.911] (II) XRDPDEV: driver for xrdp: XRDPDEV
[   375.911] rdpDriverFunc: op 10
[   375.911] (WW) Falling back to old probe method for XRDPDEV
[   375.911] rdpProbe:
[   375.911] (II) Loading sub module "fb"
[   375.911] (II) LoadModule: "fb"
[   375.911] (II) Loading /usr/lib/xorg/modules/libfb.so
[   375.911] (II) Module fb: vendor="X.Org Foundation"
[   375.911] 	compiled for 1.19.2, module version = 1.0.0
[   375.911] 	ABI class: X.Org ANSI C Emulation, version 0.4
[   375.911] (II) XRDPDEV(0): using default device
[   375.911] (WW) VGA arbiter: cannot open kernel arbiter, no multi-card support
[   375.911] rdpPreInit:
[   375.911] (**) XRDPDEV(0): Depth 24, (--) framebuffer bpp 32
[   375.911] (==) XRDPDEV(0): RGB weight 888
[   375.911] (==) XRDPDEV(0): Using gamma correction (1.0, 1.0, 1.0)
[   375.911] (==) XRDPDEV(0): Default visual is TrueColor
[   375.911] (==) XRDPDEV(0): DPI set to (96, 96)
[   375.911] (II) XRDPDEV(0): 	mode "640x480" ok
[   375.911] (II) XRDPDEV(0): 	mode "800x600" ok
[   375.911] (--) XRDPDEV(0): Virtual size is 800x600 (pitch 800)
[   375.911] (**) XRDPDEV(0):  Default mode "800x600": 36.0 MHz (scaled from 0.0 MHz), 35.2 kHz, 56.2 Hz
[   375.911] (II) XRDPDEV(0): Modeline "800x600"x0.0   36.00  800 824 896 1024  600 601 603 625 +hsync +vsync (35.2 kHz d)
[   375.911] (==) Depth 24 pixmap format is 32 bpp
[   375.923] rdpScreenInit: virtualX 800 virtualY 600 rgbBits 8 depth 24
[   375.923] rdpScreenInit: pfbMemory bytes 1920000
[   375.923] rdpScreenInit: pfbMemory 0x7f9b3a3af010
[   375.934] rdpSimdInit: assigning yuv functions
[   375.934] rdpSimdInit: cpuid ax 1 cx 0 return ax 0x00050654 bx 0x00020800 cx 0xfeda3223 dx 0x1f8bfbff
[   375.934] rdpSimdInit: sse2 amd64 yuv functions assigned
[   375.934] rdpXvInit: depth 24
[   375.947] (==) XRDPDEV(0): Backing store enabled
[   375.958] rdpScreenInit: out
[   375.966] (==) RandR enabled
[   375.982] (II) SELinux: Disabled on system
[   375.990] (II) AIGLX: Screen 0 is not DRI2 capable
[   375.990] (EE) AIGLX: reverting to software rendering
[   378.432] (II) IGLX: enabled GLX_MESA_copy_sub_buffer
[   378.433] (II) IGLX: Loaded and initialized swrast
[   378.433] (II) GLX: Initialized DRISWRAST GL provider for screen 0
[   378.762] (II) Using input driver 'XRDPMOUSE' for 'xrdpMouse'
[   378.762] (**) Option "CorePointer"
[   378.762] (**) xrdpMouse: always reports core events
[   378.762] rdpmousePreInit: drv 0x55cf55852850 info 0x55cf5596b3d0, flags 0x0
[   378.762] (II) XINPUT: Adding extended input device "xrdpMouse" (type: Mouse, id 6)
[   378.762] rdpmouseControl: what 0
[   378.762] rdpmouseDeviceInit:
[   378.762] rdpmouseCtrl:
[   378.762] rdpRegisterInputCallback: type 1 proc 0x7f9b3a788c70
[   378.762] (**) xrdpMouse: (accel) keeping acceleration scheme 1
[   378.762] (**) xrdpMouse: (accel) acceleration profile 0
[   378.762] (**) xrdpMouse: (accel) acceleration factor: 2.000
[   378.762] (**) xrdpMouse: (accel) acceleration threshold: 4
[   378.763] rdpmouseControl: what 1
[   378.763] rdpmouseDeviceOn:
[   378.763] (II) Using input driver 'XRDPKEYB' for 'xrdpKeyboard'
[   378.763] (**) Option "CoreKeyboard"
[   378.763] (**) xrdpKeyboard: always reports core events
[   378.763] rdpkeybPreInit: drv 0x55cf55852ff0 info 0x55cf55af4e50, flags 0x0
[   378.763] (II) XINPUT: Adding extended input device "xrdpKeyboard" (type: Keyboard, id 7)
[   378.763] rdpkeybControl: what 0
[   378.763] rdpkeybDeviceInit:
[   378.784] rdpkeybChangeKeyboardControl:
[   378.784] rdpkeybChangeKeyboardControl: autoRepeat on
[   378.784] rdpRegisterInputCallback: type 0 proc 0x7f9b3a585530
[   378.784] rdpkeybControl: what 1
[   378.784] rdpkeybDeviceOn:
[   378.794] (II) config/udev: Adding input device Microsoft Vmbus HID-compliant Mouse (/dev/input/event3)
[   378.794] (II) AutoAddDevices is off - not adding device.
[   378.794] (II) config/udev: Adding input device Microsoft Vmbus HID-compliant Mouse (/dev/input/js0)
[   378.794] (II) AutoAddDevices is off - not adding device.
[   378.794] (II) config/udev: Adding input device Microsoft Vmbus HID-compliant Mouse (/dev/input/mouse0)
[   378.794] (II) AutoAddDevices is off - not adding device.
[   378.795] (II) config/udev: Adding input device Power Button (/dev/input/event0)
[   378.795] (II) AutoAddDevices is off - not adding device.
[   378.795] (II) config/udev: Adding input device AT Translated Set 2 keyboard (/dev/input/event2)
[   378.795] (II) AutoAddDevices is off - not adding device.
[   378.796] (II) config/udev: Adding input device AT Translated Set 2 keyboard (/dev/input/event1)
[   378.796] (II) AutoAddDevices is off - not adding device.
[   378.802] rdpSaveScreen:
[   378.802] rdpDeferredRandR:
[   378.802] rdpResizeSession: width 1024 height 768
[   378.802]   calling RRScreenSizeSet
[   378.802] rdpRRScreenSetSize: width 1024 height 768 mmWidth 271 mmHeight 203
[   378.802] rdpRRGetInfo:
[   378.802]   screen resized to 1024x768
[   378.804]   RRScreenSizeSet ok 1
[   378.804] rdpResizeSession: width 1440 height 718
[   378.804]   calling RRScreenSizeSet
[   378.804] rdpRRScreenSetSize: width 1440 height 718 mmWidth 381 mmHeight 190
[   378.804] rdpRRGetInfo:
[   378.804]   screen resized to 1440x718
[   378.806]   RRScreenSizeSet ok 1
[   378.806] rdpClientConGotConnection:
[   378.806] rdpClientConGotConnection: g_sck_accept ok new_sck 7
[   378.806] rdpClientConGotConnection: adding only clientCon
[   378.806] rdpClientConProcessMsgVersion: version 0 0 0 1
[   378.807] rdpClientConProcessScreenSizeMsg: set width 1440 height 718 bpp 16
[   378.807] rdpClientConProcessScreenSizeMsg: shmemid 131076 shmemptr 0x7f9b32837000
[   378.807] rdpClientConProcessMsgClientInput: invalidate x 0 y 0 cx 1440 cy 718
[   378.807] rdpClientConProcessMsgClientInfo:
[   378.807]   got client info bytes 5792
[   378.807]   jpeg support 0
[   378.807]   offscreen support 0
[   378.807]   offscreen size 0
[   378.807]   offscreen entries 0
[   378.807]   client supports glyph cache but server disabled
[   378.807]   client can not do offscreen to offscreen blits
[   378.807]   client can do new(color) cursor
[   378.807]   client can not do multimon
[   378.807] rdpRRSetRdpOutputs: numCrtcs 0
[   378.807] rdpRRSetRdpOutputs: numOutputs 0
[   378.807] rdpLoadLayout: keylayout 0x00000409 variant  display 10
[   378.807] rdpkeybChangeKeyboardControl:
[   378.807] rdpkeybChangeKeyboardControl: autoRepeat on
[   378.808] rdpkeybChangeKeyboardControl:
[   378.808] rdpkeybChangeKeyboardControl: autoRepeat on
[   378.908] rdpInDeferredUpdateCallback:
[   378.908] rdpkeybChangeKeyboardControl:
[   378.908] rdpkeybChangeKeyboardControl: autoRepeat off
[   378.908] rdpkeybChangeKeyboardControl:
[   378.908] rdpkeybChangeKeyboardControl: autoRepeat off
[   381.213] rdpRRGetPanning: 0x55cf5582bfb0
[   381.482] rdpRRGetPanning: 0x55cf5582bfb0
[   381.496] rdpRRGetPanning: 0x55cf5582bfb0
[   381.522] rdpRRGetPanning: 0x55cf5582bfb0
[   381.578] rdpRRGetPanning: 0x55cf5582bfb0
[   381.579] rdpRRGetPanning: 0x55cf5582bfb0
[   381.580] rdpRRGetPanning: 0x55cf5582bfb0
[   381.602] rdpRRGetPanning: 0x55cf5582bfb0
[   381.604] rdpRRGetPanning: 0x55cf5582bfb0
[   381.687] rdpRRGetInfo:
[   381.690] rdpRRGetPanning: 0x55cf5582bfb0
[   381.763] rdpRRGetPanning: 0x55cf5582bfb0
[   381.807] rdpRRGetInfo:
[   381.807] rdpRRGetInfo:
[   381.807] rdpRRGetPanning: 0x55cf5582bfb0
[   381.807] rdpRRGetPanning: 0x55cf5582bfb0
[   381.837] rdpSaveScreen:
[   381.867] rdpkeybChangeKeyboardControl:
[   381.867] rdpkeybChangeKeyboardControl: autoRepeat on
[   381.867] rdpkeybChangeKeyboardControl:
[   381.867] rdpkeybChangeKeyboardControl: autoRepeat on
[   381.868] rdpkeybChangeKeyboardControl:
[   381.868] rdpkeybChangeKeyboardControl: autoRepeat on
[   381.868] rdpkeybChangeKeyboardControl:
[   381.868] rdpkeybChangeKeyboardControl: autoRepeat on
[   381.869] rdpkeybChangeKeyboardControl:
[   381.869] rdpkeybChangeKeyboardControl: autoRepeat on
[   381.869] rdpkeybChangeKeyboardControl:
[   381.869] rdpkeybChangeKeyboardControl: autoRepeat on
[   381.969] rdpInDeferredUpdateCallback:
[   381.969] rdpkeybChangeKeyboardControl:
[   381.969] rdpkeybChangeKeyboardControl: autoRepeat off
[   381.969] rdpkeybChangeKeyboardControl:
[   381.969] rdpkeybChangeKeyboardControl: autoRepeat off
[   382.257] rdpkeybChangeKeyboardControl:
[   382.257] rdpkeybChangeKeyboardControl: autoRepeat off
[   382.257] rdpkeybChangeKeyboardControl:
[   382.257] rdpkeybChangeKeyboardControl: autoRepeat off
[   382.483] rdpRRGetInfo:
[   382.696] rdpRRGetPanning: 0x55cf5582bfb0
[   382.703] rdpRRGetPanning: 0x55cf5582bfb0
[   395.642] rdpRRGetPanning: 0x55cf5582bfb0
[   396.242] rdpRRGetPanning: 0x55cf5582bfb0
[   396.397] rdpRRGetPanning: 0x55cf5582bfb0
